  imgui.cpp
  imgui_draw.cpp
  imgui_impl_dx11.cpp
  imgui_impl_win32.cpp
  imgui_widgets.cpp
  UE4.cpp
  cheat.cpp
C:\Users\myrai\Desktop\SoT-Hook\Cheat\SDK.h(710,22): warning C4099: 'AIslandService': type name first seen using 'struct' now seen using 'class'
C:\Users\myrai\Desktop\SoT-Hook\Cheat\SDK.h(619): message : see declaration of 'AIslandService'
C:\Users\myrai\Desktop\SoT-Hook\Cheat\SDK.h(725,22): warning C4099: 'AKrakenService': type name first seen using 'struct' now seen using 'class'
C:\Users\myrai\Desktop\SoT-Hook\Cheat\SDK.h(670): message : see declaration of 'AKrakenService'
C:\Users\myrai\Desktop\SoT-Hook\Cheat\cheat.cpp(463,84): warning C4244: 'initializing': conversion from 'float' to 'int', possible loss of data
C:\Users\myrai\Desktop\SoT-Hook\Cheat\cheat.cpp(463,56): warning C4244: 'initializing': conversion from 'float' to 'const int', possible loss of data
C:\Users\myrai\Desktop\SoT-Hook\Cheat\cheat.cpp(480,80): warning C4244: 'initializing': conversion from 'float' to 'int', possible loss of data
C:\Users\myrai\Desktop\SoT-Hook\Cheat\cheat.cpp(480,52): warning C4244: 'initializing': conversion from 'float' to 'const int', possible loss of data
C:\Users\myrai\Desktop\SoT-Hook\Cheat\cheat.cpp(547,78): warning C4244: 'initializing': conversion from 'float' to 'int', possible loss of data
C:\Users\myrai\Desktop\SoT-Hook\Cheat\cheat.cpp(547,52): warning C4244: 'initializing': conversion from 'float' to 'const int', possible loss of data
C:\Users\myrai\Desktop\SoT-Hook\Cheat\cheat.cpp(699,80): warning C4244: 'initializing': conversion from 'float' to 'int', possible loss of data
C:\Users\myrai\Desktop\SoT-Hook\Cheat\cheat.cpp(699,52): warning C4244: 'initializing': conversion from 'float' to 'const int', possible loss of data
C:\Users\myrai\Desktop\SoT-Hook\Cheat\cheat.cpp(796,82): warning C4244: 'initializing': conversion from 'float' to 'int', possible loss of data
C:\Users\myrai\Desktop\SoT-Hook\Cheat\cheat.cpp(796,56): warning C4244: 'initializing': conversion from 'float' to 'const int', possible loss of data
C:\Users\myrai\Desktop\SoT-Hook\Cheat\cheat.cpp(860,78): warning C4244: 'initializing': conversion from 'float' to 'int', possible loss of data
C:\Users\myrai\Desktop\SoT-Hook\Cheat\cheat.cpp(860,52): warning C4244: 'initializing': conversion from 'float' to 'const int', possible loss of data
C:\Users\myrai\Desktop\SoT-Hook\Cheat\cheat.cpp(874,80): warning C4244: 'initializing': conversion from 'float' to 'int', possible loss of data
C:\Users\myrai\Desktop\SoT-Hook\Cheat\cheat.cpp(874,52): warning C4244: 'initializing': conversion from 'float' to 'const int', possible loss of data
C:\Users\myrai\Desktop\SoT-Hook\Cheat\cheat.cpp(882,99): warning C4244: '=': conversion from 'float' to 'int', possible loss of data
C:\Users\myrai\Desktop\SoT-Hook\Cheat\cheat.cpp(935,80): warning C4244: 'initializing': conversion from 'float' to 'int', possible loss of data
C:\Users\myrai\Desktop\SoT-Hook\Cheat\cheat.cpp(935,52): warning C4244: 'initializing': conversion from 'float' to 'const int', possible loss of data
C:\Users\myrai\Desktop\SoT-Hook\Cheat\cheat.cpp(958,84): warning C4244: 'initializing': conversion from 'float' to 'int', possible loss of data
C:\Users\myrai\Desktop\SoT-Hook\Cheat\cheat.cpp(958,56): warning C4244: 'initializing': conversion from 'float' to 'const int', possible loss of data
C:\Users\myrai\Desktop\SoT-Hook\Cheat\cheat.cpp(991,77): warning C4244: 'initializing': conversion from 'float' to 'int', possible loss of data
C:\Users\myrai\Desktop\SoT-Hook\Cheat\cheat.cpp(991,48): warning C4244: 'initializing': conversion from 'float' to 'const int', possible loss of data
C:\Users\myrai\Desktop\SoT-Hook\Cheat\cheat.cpp(1038,31): warning C4244: 'initializing': conversion from 'float' to 'int', possible loss of data
C:\Users\myrai\Desktop\SoT-Hook\Cheat\cheat.cpp(1124,29): warning C4996: 'sprintf': This function or variable may be unsafe. Consider using sprintf_s instead. To disable deprecation, use _CRT_SECURE_NO_WARNINGS. See online help for details.
C:\Users\myrai\Desktop\SoT-Hook\Cheat\cheat.cpp(1131,29): warning C4996: 'sprintf': This function or variable may be unsafe. Consider using sprintf_s instead. To disable deprecation, use _CRT_SECURE_NO_WARNINGS. See online help for details.
  main.cpp
C:\Users\myrai\Desktop\SoT-Hook\Cheat\SDK.h(710,22): warning C4099: 'AIslandService': type name first seen using 'struct' now seen using 'class'
C:\Users\myrai\Desktop\SoT-Hook\Cheat\SDK.h(619): message : see declaration of 'AIslandService'
C:\Users\myrai\Desktop\SoT-Hook\Cheat\SDK.h(725,22): warning C4099: 'AKrakenService': type name first seen using 'struct' now seen using 'class'
C:\Users\myrai\Desktop\SoT-Hook\Cheat\SDK.h(670): message : see declaration of 'AKrakenService'
  SDK.cpp
C:\Users\myrai\Desktop\SoT-Hook\Cheat\SDK.h(710,22): warning C4099: 'AIslandService': type name first seen using 'struct' now seen using 'class'
C:\Users\myrai\Desktop\SoT-Hook\Cheat\SDK.h(619): message : see declaration of 'AIslandService'
C:\Users\myrai\Desktop\SoT-Hook\Cheat\SDK.h(725,22): warning C4099: 'AKrakenService': type name first seen using 'struct' now seen using 'class'
C:\Users\myrai\Desktop\SoT-Hook\Cheat\SDK.h(670): message : see declaration of 'AKrakenService'
  Generating code
  Previous IPDB not found, fall back to full compilation.
  All 1806 functions were compiled because no usable IPDB/IOBJ from previous compilation was found.
  Finished generating code
  Cheat.vcxproj -> C:\Users\myrai\Desktop\SoT-Hook\bin\Release\Cheat.dll
